
================================================================
======== Log Rotated - 05/08/2024, 17:33:09                     
================================================================

================================================================
======== FXServer Starting - 05/08/2024, 17:33:16               
================================================================
[           resources] Scanning resources.
[           resources] Found 122 resources.
[          svadhesive] [0mAuthenticating server license key...
[          svadhesive] Server license key authentication succeeded. Welcome!
[    c-scripting-core] Creating script environments for sessionmanager
[           resources] Started resource sessionmanager
[    c-scripting-core] [0mCreating script environments for monitor
[      script:monitor] [txAdmin] Resource v7.2.2 threads and commands set up. All Ready.
[           resources] Started resource monitor
[    c-scripting-core] Creating script environments for mapmanager
[           resources] Started resource mapmanager
[    c-scripting-core] Creating script environments for yarn
[           resources] Started resource yarn
[    c-scripting-core] Creating script environments for webpack
[           resources] Started resource webpack
[ citizen-server-impl] Running build tasks on resource chat - it'll restart once completed.
[      script:webpack] chat: started building webpack.config.js
[ citizen-server-impl] Couldn't start resource chat.
[           resources] Started resource spawnmanager
[   script:mapmanager] Started gametype Freeroam
[           resources] Started resource basic-gamemode
[    c-scripting-core] Creating script environments for hardcap
[           resources] Started resource hardcap
[    c-scripting-core] Creating script environments for baseevents
[           resources] Started resource baseevents
[           resources] Started resource NativeUI
[           resources] Started resource RageUI
[    c-scripting-core] Creating script environments for ox_lib
[           resources] Started resource ox_lib
[    c-scripting-core] Creating script environments for oxmysql
[           resources] Started resource oxmysql
[    c-scripting-core] Creating script environments for qb-core
[           resources] Started resource qb-core
[    c-scripting-core] [0mCreating script environments for qb-ambulancejob
[           resources] Started resource qb-ambulancejob
[           resources] Started resource qb-interior
[    c-scripting-core] [0mCreating script environments for qb-weathersync
[           resources] Started resource qb-weathersync
[    c-scripting-core] Creating script environments for qb-apartments
[           resources] Started resource qb-apartments
[    c-scripting-core] Creating script environments for PolyZone
[           resources] Started resource PolyZone
[    c-scripting-core] Creating script environments for qb-bankrobbery
[           resources] Started resource qb-bankrobbery
[    c-scripting-core] Creating script environments for qb-busjob
[           resources] Started resource qb-busjob
[    c-scripting-core] [0mCreating script environments for qb-cityhall
[           resources] Started resource qb-cityhall
[    c-scripting-core] Creating script environments for qb-crafting
[           resources] Started resource qb-crafting
[           resources] Started resource qb-minigames
[    c-scripting-core] [0mCreating script environments for qb-crypto
[           resources] Started resource qb-crypto
[    c-scripting-core] [0mCreating script environments for qb-diving
[           resources] Started resource qb-diving
[    c-scripting-core] Creating script environments for qb-doorlock
[           resources] Started resource qb-doorlock
[    c-scripting-core] [0mCreating script environments for qb-drugs
[           resources] Started resource qb-drugs
[    c-scripting-core] [0mCreating script environments for qb-garages
[           resources] [0mStarted resource qb-garages
[    c-scripting-core] [0mCreating script environments for qb-garbagejob
[           resources] Started resource qb-garbagejob
[    c-scripting-core] Creating script environments for qb-hotdogjob
[           resources] Started resource qb-hotdogjob
[    c-scripting-core] Creating script environments for qb-houserobbery
[           resources] Started resource qb-houserobbery
[    c-scripting-core] Creating script environments for qb-houses
[           resources] Started resource qb-houses
[    c-scripting-core] Creating script environments for qb-hud
[           resources] Started resource qb-hud
[           resources] [0mStarted resource qb-input
[    c-scripting-core] [0mCreating script environments for qb-weapons
[           resources] Started resource qb-weapons
[    c-scripting-core] Creating script environments for qb-inventory
[           resources] Started resource qb-inventory
[    c-scripting-core] Creating script environments for qb-jewelery
[           resources] Started resource qb-jewelery
[    c-scripting-core] [0mCreating script environments for qb-lapraces
[           resources] [0mStarted resource qb-lapraces
[           resources] Started resource qb-loading
[    c-scripting-core] [0mCreating script environments for qb-management
[           resources] Started resource qb-management
[    c-scripting-core] Creating script environments for qb-mechanicjob
[           resources] Started resource qb-mechanicjob
[    c-scripting-core] Creating script environments for qb-spawn
[           resources] Started resource qb-spawn
[    c-scripting-core] [0mCreating script environments for qb-multicharacter
[           resources] Started resource qb-multicharacter
[    c-scripting-core] [0mCreating script environments for qb-newsjob
[           resources] Started resource qb-newsjob
[    c-scripting-core] Creating script environments for qb-pawnshop
[           resources] Started resource qb-pawnshop
[    c-scripting-core] [0mCreating script environments for qb-phone
[           resources] Started resource qb-phone
[    c-scripting-core] [0mCreating script environments for qb-policejob
[           resources] [0mStarted resource qb-policejob
[    c-scripting-core] Creating script environments for qb-prison
[           resources] Started resource qb-prison
[    c-scripting-core] Creating script environments for qb-radialmenu
[           resources] Started resource qb-radialmenu
[    c-scripting-core] Creating script environments for qb-scoreboard
[           resources] Started resource qb-scoreboard
[    c-scripting-core] [0mCreating script environments for qb-scrapyard
[           resources] [0mStarted resource qb-scrapyard
[    c-scripting-core] Creating script environments for qb-smallresources
[           resources] Started resource qb-smallresources
[    c-scripting-core] [0mCreating script environments for qb-storerobbery
[           resources] Started resource qb-storerobbery
[    c-scripting-core] Creating script environments for qb-streetraces
[           resources] [0mStarted resource qb-streetraces
[           resources] Started resource qb-target
[    c-scripting-core] Creating script environments for qb-taxijob
[           resources] Started resource qb-taxijob
[    c-scripting-core] [0mCreating script environments for qb-towjob
[           resources] [0mStarted resource qb-towjob
[    c-scripting-core] Creating script environments for qb-truckrobbery
[           resources] Started resource qb-truckrobbery
[    c-scripting-core] Creating script environments for qb-vehiclekeys
[           resources] Started resource qb-vehiclekeys
[    c-scripting-core] [0mCreating script environments for qb-vehiclesales
[           resources] Started resource qb-vehiclesales
[    c-scripting-core] Creating script environments for qb-vehicleshop
[           resources] Started resource qb-vehicleshop
[    c-scripting-core] Creating script environments for qb-vineyard
[           resources] Started resource qb-vineyard
[    c-scripting-core] Creating script environments for qb-weed
[           resources] [0mStarted resource qb-weed
[    c-scripting-core] [0mCreating script environments for LegacyFuel
[           resources] Started resource LegacyFuel
[           resources] Started resource bob74_ipl
[    c-scripting-core] Creating script environments for connectqueue
[ script:connectqueue] QUEUE:  [connectqueue] Disabling hardcap 
[           resources] Stopping resource hardcap
[           resources] [0mStarted resource connectqueue
[    c-scripting-core] Creating script environments for illenium-appearance
[           resources] Started resource illenium-appearance
[    c-scripting-core] Creating script environments for interact-sound
[           resources] [0mStarted resource interact-sound
[           resources] Started resource menuv
[           resources] Started resource safecracker
[ citizen-server-impl] Running build tasks on resource screenshot-basic - it'll restart once completed.
[      script:webpack] webpack is busy: we are waiting to compile screenshot-basic (client.config.js)
[ citizen-server-impl] Couldn't start resource screenshot-basic.
[    c-scripting-core] [0mCreating script environments for cqc-mugshot
[           resources] Started resource cqc-mugshot
[           resources] Started resource progressbar
[    c-scripting-core] Creating script environments for ps-adminmenu
[           resources] Started resource ps-adminmenu
[    c-scripting-core] Creating script environments for ps-banking
[           resources] [0mStarted resource ps-banking
[    c-scripting-core] Creating script environments for ps-camera
[           resources] Started resource ps-camera
[    c-scripting-core] [0mCreating script environments for ps-dispatch
[           resources] [0mStarted resource ps-dispatch
[    c-scripting-core] [0mCreating script environments for ps-drugprocessing
[           resources] Started resource ps-drugprocessing
[    c-scripting-core] Creating script environments for ps-inventory
[           resources] Started resource ps-inventory
[    c-scripting-core] Creating script environments for ps-mdt
[           resources] Started resource ps-mdt
[    c-scripting-core] [0mCreating script environments for ps-multijob
[           resources] Started resource ps-multijob
[           resources] Started resource ps-props
[           resources] Started resource ps-ui
[    c-scripting-core] Creating script environments for rpemotes
[     script:rpemotes] RpEmotes maintained by TayMcKenzieNZ loaded sucessfully.
[     script:rpemotes] [rp] Sql Keybinding is turned off, if you want to enable /emotebind, set SqlKeybinding = true in config.lua and uncomment oxmysql lines in fxmanifest.lua.
[           resources] Started resource rpemotes
[    c-scripting-core] [0mCreating script environments for wk_wars2x
[           resources] Started resource wk_wars2x
[    c-scripting-core] [0mCreating script environments for jim-chairs
[   script:jim-chairs] Jim-Chairs v1.5 [0m- Portable Chair Script by Jimathy
[           resources] Started resource jim-chairs
[    c-scripting-core] [0mCreating script environments for jim-consumables
[script:jim-consumabl] Jim-Consumables v[94m1.5 - Consumables Script by Jimathy
[           resources] Started resource jim-consumables
[    c-resources-core] Could not find dependency xsound for resource jim-djbooth.
[ citizen-server-impl] Couldn't start resource jim-djbooth.
[    c-scripting-core] Creating script environments for jim-mining
[   script:jim-mining] Jim-Mining vv2[0m.4.3 - Mining Script by Jimathy
[           resources] Started resource jim-mining
[    c-scripting-core] Creating script environments for jim-payments
[ script:jim-payments] Jim-Payments v2.8[0m.5 - Payments Script by Jimathy
[ script:jim-payments] Jim-Payments [0mv2.8.5 - Payments Script by Jimathy
[ script:jim-payments] Jim-Payments: Config.Jobs searched for job/gang 'catcafe' and couldn't find it in the Shared
[ script:jim-payments] Jim-Payments: Config.Jobs searched for job/gang 'pizzathis' and couldn't find it in the Shared
[ script:jim-payments] Jim-Payments: Config.Jobs searched for job/gang 'bakery' and couldn't find it in the Shared
[ script:jim-payments] Jim-Payments: Config.Jobs searched for job/gang 'henhouse' and couldn't find it in the Shared
[ script:jim-payments] Jim-Payments: Config.Jobs searched for job/gang 'cigarbar' and couldn't find it in the Shared
[ script:jim-payments] Jim-Payments: Config.Jobs searched for job/gang 'popsdiner' and couldn't find it in the Shared
[ script:jim-payments] Jim-Payments: Config.Jobs searched for job/gang 'bestbuds' and couldn't find it in the Shared
[ script:jim-payments] Jim-Payments: Config.Jobs searched for job/gang 'vanilla' and couldn't find it in the Shared
[ script:jim-payments] Jim-Payments: Config.Jobs searched for job/gang 'tuners' and couldn't find it in the Shared
[ script:jim-payments] Jim-Payments: Config.Jobs searched for job/gang 'ottos' and couldn't find it in the Shared
[ script:jim-payments] Jim-Payments: Config.Jobs searched for job/gang 'lscustoms' and couldn't find it in the Shared
[ script:jim-payments] Jim-Payments: Config.Jobs searched for job/gang 'kois' and couldn't find it in the Shared
[ script:jim-payments] Jim-Payments: Config.Jobs searched for job/gang 'hornys' and couldn't find it in the Shared
[ script:jim-payments] Jim-Payments: Config.Jobs searched for job/gang 'whitewidow' and couldn't find it in the Shared
[ script:jim-payments] Jim-Payments: Config.Jobs searched for job/gang 'beanmachine' and couldn't find it in the Shared
[ script:jim-payments] Jim-Payments: Config.Jobs searched for job/gang 'pearls' and couldn't find it in the Shared
[ script:jim-payments] Jim-Payments: Config.Jobs searched for job/gang 'smokeshop' and couldn't find it in the Shared
[ script:jim-payments] Jim-Payments: Config.Jobs searched for job/gang 'burgershot' and couldn't find it in the Shared
[ script:jim-payments] Jim-Payments: Config.Jobs searched for job/gang 'tequilala' and couldn't find it in the Shared
[ script:jim-payments] Jim-Payments: Config.Jobs searched for job/gang 'cluckinbell' and couldn't find it in the Shared
[ script:jim-payments] Jim-Payments: Config.Jobs searched for job/gang 'upnatom' and couldn't find it in the Shared
[           resources] Started resource jim-payments
[    c-scripting-core] Creating script environments for jim-recycle
[  script:jim-recycle] Jim-Recycle v2.7.2 [0m- Recycling Script by Jimathy
[           resources] Started resource jim-recycle
[    c-scripting-core] Creating script environments for jim-shops
[    script:jim-shops] Jim-Shops v2.1 - Shop Script by Jimathy
[           resources] Started resource jim-shops
[    c-scripting-core] [0mCreating script environments for jim-skateboard
[    c-scripting-core] Failed to load script @ox_core/imports/client.lua.
[    c-scripting-core] Failed to load script @es_extended/imports.lua.
[    c-scripting-core] Failed to load script @qbx_core/modules/playerdata.lua.
[script:jim-skateboar] Bridge: 'ps-inventory' export found 
[script:jim-skateboar] Bridge: 'qb-core' [32mexport found 
[script:jim-skateboar] Bridge: 'qb-target' export found 
[script:jim-skateboar] Bridge: 'ox_lib' export found 
[script:jim-skateboar] Bridge: Loading 527 Items from qb-core
[script:jim-skateboar] Bridge: Loading 729 Vehicles from qb-core
[script:jim-skateboar] Bridge: Loading 20 Jobs from qb-core	Bridge: Loading 7 Gangs from qb-core
[           resources] Started resource jim-skateboard
[           resources] Started resource jim_bridge
[           resources] Started resource qb-menu
[resources:7345_Biker] Asset 7345_BikerClub/grimzy_mp_meeting.ydr uses 29.0 MiB of physical memory.
[           resources] Started resource 7345_BikerClub (1 warning)
[    c-scripting-core] Creating script environments for iak_pipeline_inn
[resources:iak_pipeli] Asset iak_pipeline_inn/iak_pipeline_inn_txd.ytd uses 23.0 MiB of physical memory.
[           resources] Started resource iak_pipeline_inn (1 warning)
[resources:maps:strea] Asset maps/garage.ydr uses 20.5 MiB of physical memory.
[resources:maps:strea] Asset maps/garage.ydr uses 34.0 MiB of virtual memory.
[           resources] Started resource maps (2 warnings)
[    c-scripting-core] Creating script environments for pma-voice
[           resources] Started resource pma-voice
[    c-scripting-core] Creating script environments for qb-radio
[           resources] Started resource qb-radio
[           resources] Started resource dealer_map
[           resources] Started resource hospital_map
[           resources] Started resource prison_canteen
[resources:prison_mai] Asset prison_main/desertos_prison.ytd uses 30.5 MiB of physical memory.
[           resources] Started resource prison_main (1 warning)
[           resources] Started resource prison_meeting
[      script:webpack] chat: built webpack.config.js
[ citizen-server-impl] Build tasks completed - starting resource chat.
[    c-scripting-core] Creating script environments for chat
[           resources] Started resource chat
[     script:rpemotes] [rpemotes] Currently unable to run a version check.
[script:jim-consumabl] You are running the latest version.
[   script:jim-chairs] You are running the latest version.
[script:jim-skateboar] 'jim_bridge' - You are running the latest version. (1.0.14)
[      script:webpack] screenshot-basic: started building client.config.js
[      script:webpack] webpack is busy: we are waiting to compile screenshot-basic (server.config.js)
[   script:mapmanager] Started map fivem-map-skater
[           resources] Started resource fivem-map-skater
[    script:wk_wars2x]  
[    script:wk_wars2x]   //
[    script:wk_wars2x]   ||       __      __        _ _   _        _   ___  ___   _____  __
[    script:wk_wars2x]   ||       \ \    / / _ __ _(_) |_| |_     /_\ | _ \/ __| |_  ) \/ /
[    script:wk_wars2x]   ||        \ \/\/ / '_/ _` | |  _| ' \   / _ \|   /\__ \  / / >  < 
[    script:wk_wars2x]   ||         \_/\_/|_| \__,_|_|\__|_||_| /_/ \_\_|_\|___/ /___/_/\_\
[    script:wk_wars2x]   || 
[    script:wk_wars2x]   ||                        Created by WolfKnight
[    script:wk_wars2x]   ||
[    script:wk_wars2x]   ||    Current version: 1.3.1
[    script:wk_wars2x]   ||    Latest recommended version: 1.3.1
[    script:wk_wars2x]   ||
[    script:wk_wars2x]   ||    Wraith ARS 2X is up to date!
[    script:wk_wars2x]   ||
[    script:wk_wars2x]   \\
[    script:wk_wars2x] 
[ citizen-server-impl] [0mserver thread hitch warning: timer interval of 5168 milliseconds
[script:jim-skateboar] Version Check: Running: 2.0.1 Latest: 2.0.
[script:jim-skateboar] 'jim-skateboard' - You are currently running an outdated version, please update!
[      script:webpack] webpack is busy: we are waiting to compile screenshot-basic (server.config.js)
[      script:webpack] [0mscreenshot-basic: built client.config.js
[      script:oxmysql] [10.4.32-MariaDB] Database server connection established!
[ citizen-server-impl]         fff                          
[ citizen-server-impl]   cccc ff   xx  xx     rr rr    eee  
[ citizen-server-impl] cc     ffff   xx       rrr  r ee   e 
[ citizen-server-impl] cc     ff     xx   ... rr     eeeee  
[ citizen-server-impl]  ccccc ff   xx  xx ... rr      eeeee 
[ citizen-server-impl]                                      
[ citizen-server-impl] Authenticated with cfx.re Nucleus: https://phil-macory-8b8ya5.users.cfx.re/
[      script:webpack] screenshot-basic: started building server.config.js
[      script:webpack] webpack is busy: we are waiting to compile screenshot-basic (ui.config.js)
[ citizen-server-impl] server thread hitch warning: timer interval of 3252 milliseconds
[      script:webpack] webpack is busy: we are waiting to compile screenshot-basic (ui.config.js)
[      script:webpack] screenshot-basic: built server.config.js
[      script:webpack] screenshot-basic: started building ui.config.js
[      script:webpack] screenshot-basic: built ui.config.js
[ citizen-server-impl] Build tasks completed - starting resource screenshot-basic.
[    c-scripting-core] Creating script environments for screenshot-basic
[           resources] Started resource screenshot-basic
[ script:connectqueue] QUEUE: [97mleejo[license:a5b3d5bae31354d2c28d762ce81374dd61a32f83] was placed 1/1 in queue
[ script:connectqueue] QUEUE: leejo[license:a5b3d5bae31354d2c28d762ce81374dd61a32f83] is loading into the server
[ citizen-server-main] -> Quitting: SIGHUP received
