
================================================================
======== txAdmin Starting - 08/08/2024, 01:55:14                
================================================================

================================================================
======== Log Rotated - 08/08/2024, 01:55:15                     
================================================================

================================================================
======== txAdmin Starting - 08/08/2024, 01:56:11                
================================================================
[01:56:21] txAdmin: Logger started
[01:56:45] [WBgPN#1] leejo: joined with identifiers [license:a5b3d5bae31354d2c28d762ce81374dd61a32f83; xbl:2535417762802292; live:914798995106598; discord:929538708980531251; fivem:5544454; license2:e3325101e375e3273b35f4b104cfc1b0bbc88b91]
[02:02:17] [WBgPN#1] leejo: disconnected (Exiting)

================================================================
======== txAdmin Starting - 08/08/2024, 02:26:23                
================================================================
[02:26:39] txAdmin: Logger started

================================================================
======== txAdmin Starting - 08/08/2024, 02:27:10                
================================================================
[02:27:28] txAdmin: Logger started
